2026-01-02 11:59:04 - mothbox.app - INFO - CSRF Protection initialized
2026-01-02 11:59:04 - mothbox.app - INFO - Rate limiting: test mode (1000/hour)
2026-01-02 11:59:04 - mothbox.app - INFO - CORS: Same-origin only (no cross-origin requests allowed)
2026-01-02 11:59:04 - mothbox.app - INFO - Registered atexit cleanup handler for camera
2026-01-02 11:59:04 - mothbox.app - INFO - Registered signal handlers for graceful shutdown
2026-01-02 11:59:04 - mothbox.app - INFO - Thumbnail cache initialized: /home/zane/projects/Mothbox/Firmware/cache/thumbnails
2026-01-02 11:59:04 - mothbox.app - INFO - Registered thumbnail cache cleanup handler
2026-01-02 11:59:04 - mothbox.app - INFO - Cache warmer initialized and startup warming triggered
2026-01-02 11:59:04 - mothbox.app - INFO - Registered cache warmer cleanup handler
2026-01-02 11:59:04 - mothbox.app - INFO - Series service initialized
2026-01-02 11:59:04 - mothbox.app - INFO - Clustering service initialized
2026-01-02 11:59:04 - mothbox.app - INFO - Locations service initialized
2026-01-02 11:59:04 - mothbox.app - INFO - Sidecar service initialized
2026-01-02 11:59:04 - mothbox.app - INFO - Search service initialized
2026-01-02 11:59:05 - mothbox.app - INFO - Tag autocomplete engine initialized
2026-01-02 11:59:05 - mothbox.app - INFO - Export metadata service initialized
2026-01-02 11:59:05 - mothbox.app - INFO - Export job service initialized
2026-01-02 11:59:05 - mothbox.app - INFO - Deployment service initialized
2026-01-02 11:59:05 - mothbox.app - INFO - Export preset manager initialized (6 built-in, 0 user)
2026-01-02 11:59:05 - mothbox.app - INFO - Registered WebSocket event handlers
2026-01-02 11:59:05 - mothbox.app - INFO - Rate limiting applied to camera, GPIO, and GPS endpoints
2026-01-02 11:59:05 - mothbox.app - INFO - Rate limiting applied to sidecar and metadata endpoints
2026-01-02 12:11:54 - mothbox.app - INFO - CSRF Protection initialized
2026-01-02 12:11:54 - mothbox.app - INFO - Rate limiting: test mode (1000/hour)
2026-01-02 12:11:54 - mothbox.app - INFO - CORS: Same-origin only (no cross-origin requests allowed)
2026-01-02 12:11:55 - mothbox.app - INFO - Registered atexit cleanup handler for camera
2026-01-02 12:11:55 - mothbox.app - INFO - Registered signal handlers for graceful shutdown
2026-01-02 12:11:55 - mothbox.app - INFO - Thumbnail cache initialized: /home/zane/projects/Mothbox/Firmware/cache/thumbnails
2026-01-02 12:11:55 - mothbox.app - INFO - Registered thumbnail cache cleanup handler
2026-01-02 12:11:55 - mothbox.app - INFO - Cache warmer initialized and startup warming triggered
2026-01-02 12:11:55 - mothbox.app - INFO - Registered cache warmer cleanup handler
2026-01-02 12:11:55 - mothbox.app - INFO - Series service initialized
2026-01-02 12:11:55 - mothbox.app - INFO - Clustering service initialized
2026-01-02 12:11:55 - mothbox.app - INFO - Locations service initialized
2026-01-02 12:11:55 - mothbox.app - INFO - Sidecar service initialized
2026-01-02 12:11:55 - mothbox.app - INFO - Search service initialized
2026-01-02 12:11:55 - mothbox.app - INFO - Tag autocomplete engine initialized
2026-01-02 12:11:55 - mothbox.app - INFO - Export metadata service initialized
2026-01-02 12:11:55 - mothbox.app - INFO - Export job service initialized
2026-01-02 12:11:55 - mothbox.app - INFO - Deployment service initialized
2026-01-02 12:11:55 - mothbox.app - INFO - Export preset manager initialized (6 built-in, 0 user)
2026-01-02 12:11:55 - mothbox.app - INFO - Registered WebSocket event handlers
2026-01-02 12:11:55 - mothbox.app - INFO - Rate limiting applied to camera, GPIO, and GPS endpoints
2026-01-02 12:11:55 - mothbox.app - INFO - Rate limiting applied to sidecar and metadata endpoints
2026-01-02 12:16:48 - mothbox.app - INFO - CSRF Protection initialized
2026-01-02 12:16:48 - mothbox.app - INFO - Rate limiting: test mode (1000/hour)
2026-01-02 12:16:48 - mothbox.app - INFO - CORS: Same-origin only (no cross-origin requests allowed)
2026-01-02 12:16:48 - mothbox.app - INFO - Registered atexit cleanup handler for camera
2026-01-02 12:16:48 - mothbox.app - INFO - Registered signal handlers for graceful shutdown
2026-01-02 12:16:48 - mothbox.app - INFO - Thumbnail cache initialized: /home/zane/projects/Mothbox/Firmware/cache/thumbnails
2026-01-02 12:16:48 - mothbox.app - INFO - Registered thumbnail cache cleanup handler
2026-01-02 12:16:48 - mothbox.app - INFO - Cache warmer initialized and startup warming triggered
2026-01-02 12:16:48 - mothbox.app - INFO - Registered cache warmer cleanup handler
2026-01-02 12:16:48 - mothbox.app - INFO - Series service initialized
2026-01-02 12:16:48 - mothbox.app - INFO - Clustering service initialized
2026-01-02 12:16:48 - mothbox.app - INFO - Locations service initialized
2026-01-02 12:16:48 - mothbox.app - INFO - Sidecar service initialized
2026-01-02 12:16:48 - mothbox.app - INFO - Search service initialized
2026-01-02 12:16:48 - mothbox.app - INFO - Tag autocomplete engine initialized
2026-01-02 12:16:48 - mothbox.app - INFO - Export metadata service initialized
2026-01-02 12:16:48 - mothbox.app - INFO - Export job service initialized
2026-01-02 12:16:48 - mothbox.app - INFO - Deployment service initialized
2026-01-02 12:16:48 - mothbox.app - INFO - Export preset manager initialized (6 built-in, 0 user)
2026-01-02 12:16:48 - mothbox.app - INFO - Registered WebSocket event handlers
2026-01-02 12:16:48 - mothbox.app - INFO - Rate limiting applied to camera, GPIO, and GPS endpoints
2026-01-02 12:16:48 - mothbox.app - INFO - Rate limiting applied to sidecar and metadata endpoints
2026-01-02 12:18:38 - mothbox.app - INFO - CSRF Protection initialized
2026-01-02 12:18:38 - mothbox.app - INFO - Rate limiting: test mode (1000/hour)
2026-01-02 12:18:38 - mothbox.app - INFO - CORS: Same-origin only (no cross-origin requests allowed)
2026-01-02 12:18:38 - mothbox.app - INFO - Registered atexit cleanup handler for camera
2026-01-02 12:18:38 - mothbox.app - INFO - Registered signal handlers for graceful shutdown
2026-01-02 12:18:38 - mothbox.app - INFO - Thumbnail cache initialized: /home/zane/projects/Mothbox/Firmware/cache/thumbnails
2026-01-02 12:18:38 - mothbox.app - INFO - Registered thumbnail cache cleanup handler
2026-01-02 12:18:38 - mothbox.app - INFO - Cache warmer initialized and startup warming triggered
2026-01-02 12:18:38 - mothbox.app - INFO - Registered cache warmer cleanup handler
2026-01-02 12:18:38 - mothbox.app - INFO - Series service initialized
2026-01-02 12:18:38 - mothbox.app - INFO - Clustering service initialized
2026-01-02 12:18:38 - mothbox.app - INFO - Locations service initialized
2026-01-02 12:18:38 - mothbox.app - INFO - Sidecar service initialized
2026-01-02 12:18:38 - mothbox.app - INFO - Search service initialized
2026-01-02 12:18:38 - mothbox.app - INFO - Tag autocomplete engine initialized
2026-01-02 12:18:38 - mothbox.app - INFO - Export metadata service initialized
2026-01-02 12:18:38 - mothbox.app - INFO - Export job service initialized
2026-01-02 12:18:38 - mothbox.app - INFO - Deployment service initialized
2026-01-02 12:18:38 - mothbox.app - INFO - Export preset manager initialized (6 built-in, 0 user)
2026-01-02 12:18:39 - mothbox.app - INFO - Registered WebSocket event handlers
2026-01-02 12:18:39 - mothbox.app - INFO - Rate limiting applied to camera, GPIO, and GPS endpoints
2026-01-02 12:18:39 - mothbox.app - INFO - Rate limiting applied to sidecar and metadata endpoints
2026-01-02 12:19:20 - mothbox.app - INFO - CSRF Protection initialized
2026-01-02 12:19:20 - mothbox.app - INFO - Rate limiting: test mode (1000/hour)
2026-01-02 12:19:20 - mothbox.app - INFO - CORS: Same-origin only (no cross-origin requests allowed)
2026-01-02 12:19:20 - mothbox.app - INFO - Registered atexit cleanup handler for camera
2026-01-02 12:19:20 - mothbox.app - INFO - Registered signal handlers for graceful shutdown
2026-01-02 12:19:20 - mothbox.app - INFO - Thumbnail cache initialized: /home/zane/projects/Mothbox/Firmware/cache/thumbnails
2026-01-02 12:19:20 - mothbox.app - INFO - Registered thumbnail cache cleanup handler
2026-01-02 12:19:20 - mothbox.app - INFO - Cache warmer initialized and startup warming triggered
2026-01-02 12:19:20 - mothbox.app - INFO - Registered cache warmer cleanup handler
2026-01-02 12:19:20 - mothbox.app - INFO - Series service initialized
2026-01-02 12:19:20 - mothbox.app - INFO - Clustering service initialized
2026-01-02 12:19:20 - mothbox.app - INFO - Locations service initialized
2026-01-02 12:19:20 - mothbox.app - INFO - Sidecar service initialized
2026-01-02 12:19:20 - mothbox.app - INFO - Search service initialized
2026-01-02 12:19:20 - mothbox.app - INFO - Tag autocomplete engine initialized
2026-01-02 12:19:20 - mothbox.app - INFO - Export metadata service initialized
2026-01-02 12:19:20 - mothbox.app - INFO - Export job service initialized
2026-01-02 12:19:20 - mothbox.app - INFO - Deployment service initialized
2026-01-02 12:19:20 - mothbox.app - INFO - Export preset manager initialized (6 built-in, 0 user)
2026-01-02 12:19:21 - mothbox.app - INFO - Registered WebSocket event handlers
2026-01-02 12:19:21 - mothbox.app - INFO - Rate limiting applied to camera, GPIO, and GPS endpoints
2026-01-02 12:19:21 - mothbox.app - INFO - Rate limiting applied to sidecar and metadata endpoints
2026-01-02 12:29:11 - mothbox.app - INFO - CSRF Protection initialized
2026-01-02 12:29:11 - mothbox.app - INFO - Rate limiting: test mode (1000/hour)
2026-01-02 12:29:11 - mothbox.app - INFO - CORS: Same-origin only (no cross-origin requests allowed)
2026-01-02 12:29:11 - mothbox.app - INFO - Registered atexit cleanup handler for camera
2026-01-02 12:29:11 - mothbox.app - INFO - Registered signal handlers for graceful shutdown
2026-01-02 12:29:11 - mothbox.app - INFO - Thumbnail cache initialized: /home/zane/projects/Mothbox/Firmware/cache/thumbnails
2026-01-02 12:29:11 - mothbox.app - INFO - Registered thumbnail cache cleanup handler
2026-01-02 12:29:11 - mothbox.app - INFO - Cache warmer initialized and startup warming triggered
2026-01-02 12:29:11 - mothbox.app - INFO - Registered cache warmer cleanup handler
2026-01-02 12:29:11 - mothbox.app - INFO - Series service initialized
2026-01-02 12:29:12 - mothbox.app - INFO - Clustering service initialized
2026-01-02 12:29:12 - mothbox.app - INFO - Locations service initialized
2026-01-02 12:29:12 - mothbox.app - INFO - Sidecar service initialized
2026-01-02 12:29:12 - mothbox.app - INFO - Search service initialized
2026-01-02 12:29:12 - mothbox.app - INFO - Tag autocomplete engine initialized
2026-01-02 12:29:12 - mothbox.app - INFO - Export metadata service initialized
2026-01-02 12:29:12 - mothbox.app - INFO - Export job service initialized
2026-01-02 12:29:12 - mothbox.app - INFO - Deployment service initialized
2026-01-02 12:29:12 - mothbox.app - INFO - Export preset manager initialized (6 built-in, 0 user)
2026-01-02 12:29:12 - mothbox.app - INFO - Registered WebSocket event handlers
2026-01-02 12:29:12 - mothbox.app - INFO - Rate limiting applied to camera, GPIO, and GPS endpoints
2026-01-02 12:29:12 - mothbox.app - INFO - Rate limiting applied to sidecar and metadata endpoints
2026-01-02 12:34:57 - mothbox.app - INFO - CSRF Protection initialized
2026-01-02 12:34:57 - mothbox.app - INFO - Rate limiting: test mode (1000/hour)
2026-01-02 12:34:57 - mothbox.app - INFO - CORS: Same-origin only (no cross-origin requests allowed)
2026-01-02 12:34:57 - mothbox.app - INFO - Registered atexit cleanup handler for camera
2026-01-02 12:34:57 - mothbox.app - INFO - Registered signal handlers for graceful shutdown
2026-01-02 12:34:57 - mothbox.app - INFO - Thumbnail cache initialized: /home/zane/projects/Mothbox/Firmware/cache/thumbnails
2026-01-02 12:34:57 - mothbox.app - INFO - Registered thumbnail cache cleanup handler
2026-01-02 12:34:57 - mothbox.app - INFO - Cache warmer initialized and startup warming triggered
2026-01-02 12:34:57 - mothbox.app - INFO - Registered cache warmer cleanup handler
2026-01-02 12:34:57 - mothbox.app - INFO - Series service initialized
2026-01-02 12:34:57 - mothbox.app - INFO - Clustering service initialized
2026-01-02 12:34:57 - mothbox.app - INFO - Locations service initialized
2026-01-02 12:34:57 - mothbox.app - INFO - Sidecar service initialized
2026-01-02 12:34:57 - mothbox.app - INFO - Search service initialized
2026-01-02 12:34:57 - mothbox.app - INFO - Tag autocomplete engine initialized
2026-01-02 12:34:57 - mothbox.app - INFO - Export metadata service initialized
2026-01-02 12:34:57 - mothbox.app - INFO - Export job service initialized
2026-01-02 12:34:57 - mothbox.app - INFO - Deployment service initialized
2026-01-02 12:34:57 - mothbox.app - INFO - Export preset manager initialized (6 built-in, 0 user)
2026-01-02 12:34:58 - mothbox.app - INFO - Registered WebSocket event handlers
2026-01-02 12:34:58 - mothbox.app - INFO - Rate limiting applied to camera, GPIO, and GPS endpoints
2026-01-02 12:34:58 - mothbox.app - INFO - Rate limiting applied to sidecar and metadata endpoints
2026-01-02 12:37:36 - mothbox.app - INFO - CSRF Protection initialized
2026-01-02 12:37:36 - mothbox.app - INFO - Rate limiting: test mode (1000/hour)
2026-01-02 12:37:36 - mothbox.app - INFO - CORS: Same-origin only (no cross-origin requests allowed)
2026-01-02 12:37:36 - mothbox.app - INFO - Registered atexit cleanup handler for camera
2026-01-02 12:37:36 - mothbox.app - INFO - Registered signal handlers for graceful shutdown
2026-01-02 12:37:36 - mothbox.app - INFO - Thumbnail cache initialized: /home/zane/projects/Mothbox/Firmware/cache/thumbnails
2026-01-02 12:37:36 - mothbox.app - INFO - Registered thumbnail cache cleanup handler
2026-01-02 12:37:36 - mothbox.app - INFO - Cache warmer initialized and startup warming triggered
2026-01-02 12:37:36 - mothbox.app - INFO - Registered cache warmer cleanup handler
2026-01-02 12:37:36 - mothbox.app - INFO - Series service initialized
2026-01-02 12:37:36 - mothbox.app - INFO - Clustering service initialized
2026-01-02 12:37:36 - mothbox.app - INFO - Locations service initialized
2026-01-02 12:37:36 - mothbox.app - INFO - Sidecar service initialized
2026-01-02 12:37:36 - mothbox.app - INFO - Search service initialized
2026-01-02 12:37:36 - mothbox.app - INFO - Tag autocomplete engine initialized
2026-01-02 12:37:36 - mothbox.app - INFO - Export metadata service initialized
2026-01-02 12:37:36 - mothbox.app - INFO - Export job service initialized
2026-01-02 12:37:36 - mothbox.app - INFO - Deployment service initialized
2026-01-02 12:37:36 - mothbox.app - INFO - Export preset manager initialized (6 built-in, 0 user)
2026-01-02 12:37:36 - mothbox.app - INFO - Registered WebSocket event handlers
2026-01-02 12:37:36 - mothbox.app - INFO - Rate limiting applied to camera, GPIO, and GPS endpoints
2026-01-02 12:37:36 - mothbox.app - INFO - Rate limiting applied to sidecar and metadata endpoints
2026-01-02 12:42:11 - mothbox.app - INFO - CSRF Protection initialized
2026-01-02 12:42:11 - mothbox.app - INFO - Rate limiting: test mode (1000/hour)
2026-01-02 12:42:11 - mothbox.app - INFO - CORS: Same-origin only (no cross-origin requests allowed)
2026-01-02 12:42:11 - mothbox.app - INFO - Registered atexit cleanup handler for camera
2026-01-02 12:42:11 - mothbox.app - INFO - Registered signal handlers for graceful shutdown
2026-01-02 12:42:11 - mothbox.app - INFO - Thumbnail cache initialized: /home/zane/projects/Mothbox/Firmware/cache/thumbnails
2026-01-02 12:42:11 - mothbox.app - INFO - Registered thumbnail cache cleanup handler
2026-01-02 12:42:11 - mothbox.app - INFO - Cache warmer initialized and startup warming triggered
2026-01-02 12:42:11 - mothbox.app - INFO - Registered cache warmer cleanup handler
2026-01-02 12:42:11 - mothbox.app - INFO - Series service initialized
2026-01-02 12:42:11 - mothbox.app - INFO - Clustering service initialized
2026-01-02 12:42:11 - mothbox.app - INFO - Locations service initialized
2026-01-02 12:42:11 - mothbox.app - INFO - Sidecar service initialized
2026-01-02 12:42:11 - mothbox.app - INFO - Search service initialized
2026-01-02 12:42:11 - mothbox.app - INFO - Tag autocomplete engine initialized
2026-01-02 12:42:11 - mothbox.app - INFO - Export metadata service initialized
2026-01-02 12:42:11 - mothbox.app - INFO - Export job service initialized
2026-01-02 12:42:11 - mothbox.app - INFO - Deployment service initialized
2026-01-02 12:42:11 - mothbox.app - INFO - Export preset manager initialized (6 built-in, 0 user)
2026-01-02 12:42:11 - mothbox.app - INFO - Registered WebSocket event handlers
2026-01-02 12:42:11 - mothbox.app - INFO - Rate limiting applied to camera, GPIO, and GPS endpoints
2026-01-02 12:42:11 - mothbox.app - INFO - Rate limiting applied to sidecar and metadata endpoints
2026-01-02 12:47:46 - mothbox.app - INFO - CSRF Protection initialized
2026-01-02 12:47:46 - mothbox.app - INFO - Rate limiting: test mode (1000/hour)
2026-01-02 12:47:46 - mothbox.app - INFO - CORS: Same-origin only (no cross-origin requests allowed)
2026-01-02 12:47:46 - mothbox.app - INFO - Registered atexit cleanup handler for camera
2026-01-02 12:47:46 - mothbox.app - INFO - Registered signal handlers for graceful shutdown
2026-01-02 12:47:46 - mothbox.app - INFO - Thumbnail cache initialized: /home/zane/projects/Mothbox/Firmware/cache/thumbnails
2026-01-02 12:47:46 - mothbox.app - INFO - Registered thumbnail cache cleanup handler
2026-01-02 12:47:46 - mothbox.app - INFO - Cache warmer initialized and startup warming triggered
2026-01-02 12:47:46 - mothbox.app - INFO - Registered cache warmer cleanup handler
2026-01-02 12:47:46 - mothbox.app - INFO - Series service initialized
2026-01-02 12:47:46 - mothbox.app - INFO - Clustering service initialized
2026-01-02 12:47:46 - mothbox.app - INFO - Locations service initialized
2026-01-02 12:47:46 - mothbox.app - INFO - Sidecar service initialized
2026-01-02 12:47:46 - mothbox.app - INFO - Search service initialized
2026-01-02 12:47:46 - mothbox.app - INFO - Tag autocomplete engine initialized
2026-01-02 12:47:46 - mothbox.app - INFO - Export metadata service initialized
2026-01-02 12:47:46 - mothbox.app - INFO - Export job service initialized
2026-01-02 12:47:46 - mothbox.app - INFO - Deployment service initialized
2026-01-02 12:47:46 - mothbox.app - INFO - Export preset manager initialized (6 built-in, 0 user)
2026-01-02 12:47:46 - mothbox.app - INFO - Registered WebSocket event handlers
2026-01-02 12:47:46 - mothbox.app - INFO - Rate limiting applied to camera, GPIO, and GPS endpoints
2026-01-02 12:47:46 - mothbox.app - INFO - Rate limiting applied to sidecar and metadata endpoints
2026-01-02 12:51:19 - mothbox.app - INFO - CSRF Protection initialized
2026-01-02 12:51:19 - mothbox.app - INFO - Rate limiting: test mode (1000/hour)
2026-01-02 12:51:19 - mothbox.app - INFO - CORS: Same-origin only (no cross-origin requests allowed)
2026-01-02 12:51:20 - mothbox.app - INFO - Registered atexit cleanup handler for camera
2026-01-02 12:51:20 - mothbox.app - INFO - Registered signal handlers for graceful shutdown
2026-01-02 12:51:20 - mothbox.app - INFO - Thumbnail cache initialized: /home/zane/projects/Mothbox/Firmware/cache/thumbnails
2026-01-02 12:51:20 - mothbox.app - INFO - Registered thumbnail cache cleanup handler
2026-01-02 12:51:20 - mothbox.app - INFO - Cache warmer initialized and startup warming triggered
2026-01-02 12:51:20 - mothbox.app - INFO - Registered cache warmer cleanup handler
2026-01-02 12:51:20 - mothbox.app - INFO - Series service initialized
2026-01-02 12:51:20 - mothbox.app - INFO - Clustering service initialized
2026-01-02 12:51:20 - mothbox.app - INFO - Locations service initialized
2026-01-02 12:51:20 - mothbox.app - INFO - Sidecar service initialized
2026-01-02 12:51:20 - mothbox.app - INFO - Search service initialized
2026-01-02 12:51:20 - mothbox.app - INFO - Tag autocomplete engine initialized
2026-01-02 12:51:20 - mothbox.app - INFO - Export metadata service initialized
2026-01-02 12:51:20 - mothbox.app - INFO - Export job service initialized
2026-01-02 12:51:20 - mothbox.app - INFO - Deployment service initialized
2026-01-02 12:51:20 - mothbox.app - INFO - Export preset manager initialized (6 built-in, 0 user)
2026-01-02 12:51:20 - mothbox.app - INFO - Registered WebSocket event handlers
2026-01-02 12:51:20 - mothbox.app - INFO - Rate limiting applied to camera, GPIO, and GPS endpoints
2026-01-02 12:51:20 - mothbox.app - INFO - Rate limiting applied to sidecar and metadata endpoints
2026-01-02 12:56:30 - mothbox.app - INFO - CSRF Protection initialized
2026-01-02 12:56:30 - mothbox.app - INFO - Rate limiting: test mode (1000/hour)
2026-01-02 12:56:30 - mothbox.app - INFO - CORS: Same-origin only (no cross-origin requests allowed)
2026-01-02 12:56:30 - mothbox.app - INFO - Registered atexit cleanup handler for camera
2026-01-02 12:56:30 - mothbox.app - INFO - Registered signal handlers for graceful shutdown
2026-01-02 12:56:30 - mothbox.app - INFO - Thumbnail cache initialized: /home/zane/projects/Mothbox/Firmware/cache/thumbnails
2026-01-02 12:56:30 - mothbox.app - INFO - Registered thumbnail cache cleanup handler
2026-01-02 12:56:30 - mothbox.app - INFO - Cache warmer initialized and startup warming triggered
2026-01-02 12:56:30 - mothbox.app - INFO - Registered cache warmer cleanup handler
2026-01-02 12:56:30 - mothbox.app - INFO - Series service initialized
2026-01-02 12:56:30 - mothbox.app - INFO - Clustering service initialized
2026-01-02 12:56:30 - mothbox.app - INFO - Locations service initialized
2026-01-02 12:56:30 - mothbox.app - INFO - Sidecar service initialized
2026-01-02 12:56:30 - mothbox.app - INFO - Search service initialized
2026-01-02 12:56:31 - mothbox.app - INFO - Tag autocomplete engine initialized
2026-01-02 12:56:31 - mothbox.app - INFO - Export metadata service initialized
2026-01-02 12:56:31 - mothbox.app - INFO - Export job service initialized
2026-01-02 12:56:31 - mothbox.app - INFO - Deployment service initialized
2026-01-02 12:56:31 - mothbox.app - INFO - Export preset manager initialized (6 built-in, 0 user)
2026-01-02 12:56:31 - mothbox.app - INFO - Registered WebSocket event handlers
2026-01-02 12:56:31 - mothbox.app - INFO - Rate limiting applied to camera, GPIO, and GPS endpoints
2026-01-02 12:56:31 - mothbox.app - INFO - Rate limiting applied to sidecar and metadata endpoints
2026-01-02 12:57:03 - mothbox.app - INFO - CSRF Protection initialized
2026-01-02 12:57:03 - mothbox.app - INFO - Rate limiting: test mode (1000/hour)
2026-01-02 12:57:03 - mothbox.app - INFO - CORS: Same-origin only (no cross-origin requests allowed)
2026-01-02 12:57:03 - mothbox.app - INFO - Registered atexit cleanup handler for camera
2026-01-02 12:57:03 - mothbox.app - INFO - Registered signal handlers for graceful shutdown
2026-01-02 12:57:03 - mothbox.app - INFO - Thumbnail cache initialized: /home/zane/projects/Mothbox/Firmware/cache/thumbnails
2026-01-02 12:57:03 - mothbox.app - INFO - Registered thumbnail cache cleanup handler
2026-01-02 12:57:03 - mothbox.app - INFO - Cache warmer initialized and startup warming triggered
2026-01-02 12:57:03 - mothbox.app - INFO - Registered cache warmer cleanup handler
2026-01-02 12:57:03 - mothbox.app - INFO - Series service initialized
2026-01-02 12:57:03 - mothbox.app - INFO - Clustering service initialized
2026-01-02 12:57:03 - mothbox.app - INFO - Locations service initialized
2026-01-02 12:57:03 - mothbox.app - INFO - Sidecar service initialized
2026-01-02 12:57:03 - mothbox.app - INFO - Search service initialized
2026-01-02 12:57:03 - mothbox.app - INFO - Tag autocomplete engine initialized
2026-01-02 12:57:03 - mothbox.app - INFO - Export metadata service initialized
2026-01-02 12:57:03 - mothbox.app - INFO - Export job service initialized
2026-01-02 12:57:03 - mothbox.app - INFO - Deployment service initialized
2026-01-02 12:57:03 - mothbox.app - INFO - Export preset manager initialized (6 built-in, 0 user)
2026-01-02 12:57:03 - mothbox.app - INFO - Registered WebSocket event handlers
2026-01-02 12:57:03 - mothbox.app - INFO - Rate limiting applied to camera, GPIO, and GPS endpoints
2026-01-02 12:57:03 - mothbox.app - INFO - Rate limiting applied to sidecar and metadata endpoints
2026-01-02 12:59:53 - mothbox.app - INFO - CSRF Protection initialized
2026-01-02 12:59:53 - mothbox.app - INFO - Rate limiting: test mode (1000/hour)
2026-01-02 12:59:53 - mothbox.app - INFO - CORS: Same-origin only (no cross-origin requests allowed)
2026-01-02 12:59:53 - mothbox.app - INFO - Registered atexit cleanup handler for camera
2026-01-02 12:59:53 - mothbox.app - INFO - Registered signal handlers for graceful shutdown
2026-01-02 12:59:53 - mothbox.app - INFO - Thumbnail cache initialized: /home/zane/projects/Mothbox/Firmware/cache/thumbnails
2026-01-02 12:59:53 - mothbox.app - INFO - Registered thumbnail cache cleanup handler
2026-01-02 12:59:53 - mothbox.app - INFO - Cache warmer initialized and startup warming triggered
2026-01-02 12:59:53 - mothbox.app - INFO - Registered cache warmer cleanup handler
2026-01-02 12:59:53 - mothbox.app - INFO - Series service initialized
2026-01-02 12:59:53 - mothbox.app - INFO - Clustering service initialized
2026-01-02 12:59:53 - mothbox.app - INFO - Locations service initialized
2026-01-02 12:59:53 - mothbox.app - INFO - Sidecar service initialized
2026-01-02 12:59:53 - mothbox.app - INFO - Search service initialized
2026-01-02 12:59:53 - mothbox.app - INFO - Tag autocomplete engine initialized
2026-01-02 12:59:53 - mothbox.app - INFO - Export metadata service initialized
2026-01-02 12:59:53 - mothbox.app - INFO - Export job service initialized
2026-01-02 12:59:53 - mothbox.app - INFO - Deployment service initialized
2026-01-02 12:59:53 - mothbox.app - INFO - Export preset manager initialized (6 built-in, 0 user)
2026-01-02 12:59:53 - mothbox.app - INFO - Registered WebSocket event handlers
2026-01-02 12:59:53 - mothbox.app - INFO - Rate limiting applied to camera, GPIO, and GPS endpoints
2026-01-02 12:59:53 - mothbox.app - INFO - Rate limiting applied to sidecar and metadata endpoints
